<?xml version="1.0" encoding="UTF-8"?>
<!-- Generated by org.testng.reporters.JUnitXMLReporter -->
<testsuite ignored="0" hostname="Ram" failures="0" tests="6" name="Default test" time="8.472" errors="0" timestamp="2024-05-28T18:37:15 IST">
  <testcase classname="api.test.DDTests" name="testPostUser" time="2.076"/>
  <testcase classname="api.test.DDTests" name="testPostUser" time="1.177"/>
  <testcase classname="api.test.DDTests" name="testPostUser" time="1.105"/>
  <testcase classname="api.test.DDTests" name="testDeleteUser" time="1.207"/>
  <testcase classname="api.test.DDTests" name="testDeleteUser" time="1.14"/>
  <testcase classname="api.test.DDTests" name="testDeleteUser" time="1.113"/>
</testsuite> <!-- Default test -->
