<?xml version="1.0" encoding="UTF-8"?>
<testng-results ignored="0" total="4" passed="4" failed="0" skipped="0">
  <reporter-output>
  </reporter-output>
  <suite started-at="2024-05-30T19:58:49 IST" name="Petsuite" finished-at="2024-05-30T19:58:56 IST" duration-ms="7553">
    <groups>
    </groups>
    <test started-at="2024-05-30T19:58:49 IST" name="PetTests" finished-at="2024-05-30T19:58:56 IST" duration-ms="7553">
      <class name="api.test.UserTests2">
        <test-method is-config="true" signature="setup()[pri:0, instance:api.test.UserTests2@359f7cdf]" started-at="2024-05-30T19:58:49 IST" name="setup" finished-at="2024-05-30T19:58:49 IST" duration-ms="397" status="PASS">
          <reporter-output>
          </reporter-output>
        </test-method> <!-- setup -->
        <test-method signature="testPostUser()[pri:1, instance:api.test.UserTests2@359f7cdf]" started-at="2024-05-30T19:58:49 IST" name="testPostUser" finished-at="2024-05-30T19:58:51 IST" duration-ms="2117" status="PASS">
          <reporter-output>
          </reporter-output>
        </test-method> <!-- testPostUser -->
        <test-method signature="testGetUserByName()[pri:2, instance:api.test.UserTests2@359f7cdf]" started-at="2024-05-30T19:58:51 IST" name="testGetUserByName" finished-at="2024-05-30T19:58:53 IST" duration-ms="1269" status="PASS">
          <reporter-output>
          </reporter-output>
        </test-method> <!-- testGetUserByName -->
        <test-method signature="testUpdateUserByName()[pri:3, instance:api.test.UserTests2@359f7cdf]" started-at="2024-05-30T19:58:53 IST" name="testUpdateUserByName" finished-at="2024-05-30T19:58:55 IST" duration-ms="2421" status="PASS">
          <reporter-output>
          </reporter-output>
        </test-method> <!-- testUpdateUserByName -->
        <test-method signature="testDeleteUserByName()[pri:4, instance:api.test.UserTests2@359f7cdf]" started-at="2024-05-30T19:58:55 IST" name="testDeleteUserByName" finished-at="2024-05-30T19:58:56 IST" duration-ms="1228" status="PASS">
          <reporter-output>
          </reporter-output>
        </test-method> <!-- testDeleteUserByName -->
      </class> <!-- api.test.UserTests2 -->
    </test> <!-- PetTests -->
  </suite> <!-- Petsuite -->
</testng-results>
