<?xml version="1.0" encoding="UTF-8"?>
<testng-results ignored="0" total="4" passed="4" failed="0" skipped="0">
  <reporter-output>
  </reporter-output>
  <suite started-at="2024-05-30T18:35:06 IST" name="Petsuite" finished-at="2024-05-30T18:35:13 IST" duration-ms="7162">
    <groups>
    </groups>
    <test started-at="2024-05-30T18:35:06 IST" name="PetTests" finished-at="2024-05-30T18:35:13 IST" duration-ms="7162">
      <class name="api.test.UserTests2">
        <test-method is-config="true" signature="setup()[pri:0, instance:api.test.UserTests2@359f7cdf]" started-at="2024-05-30T18:35:06 IST" name="setup" finished-at="2024-05-30T18:35:07 IST" duration-ms="384" status="PASS">
          <reporter-output>
          </reporter-output>
        </test-method> <!-- setup -->
        <test-method signature="testPostUser()[pri:1, instance:api.test.UserTests2@359f7cdf]" started-at="2024-05-30T18:35:07 IST" name="testPostUser" finished-at="2024-05-30T18:35:09 IST" duration-ms="2129" status="PASS">
          <reporter-output>
          </reporter-output>
        </test-method> <!-- testPostUser -->
        <test-method signature="testGetUserByName()[pri:2, instance:api.test.UserTests2@359f7cdf]" started-at="2024-05-30T18:35:09 IST" name="testGetUserByName" finished-at="2024-05-30T18:35:10 IST" duration-ms="1167" status="PASS">
          <reporter-output>
          </reporter-output>
        </test-method> <!-- testGetUserByName -->
        <test-method signature="testUpdateUserByName()[pri:3, instance:api.test.UserTests2@359f7cdf]" started-at="2024-05-30T18:35:10 IST" name="testUpdateUserByName" finished-at="2024-05-30T18:35:12 IST" duration-ms="2268" status="PASS">
          <reporter-output>
          </reporter-output>
        </test-method> <!-- testUpdateUserByName -->
        <test-method signature="testDeleteUserByName()[pri:4, instance:api.test.UserTests2@359f7cdf]" started-at="2024-05-30T18:35:12 IST" name="testDeleteUserByName" finished-at="2024-05-30T18:35:13 IST" duration-ms="1092" status="PASS">
          <reporter-output>
          </reporter-output>
        </test-method> <!-- testDeleteUserByName -->
      </class> <!-- api.test.UserTests2 -->
    </test> <!-- PetTests -->
  </suite> <!-- Petsuite -->
</testng-results>
