<?xml version="1.0" encoding="UTF-8"?>
<testng-results ignored="0" total="4" passed="4" failed="0" skipped="0">
  <reporter-output>
  </reporter-output>
  <suite started-at="2024-05-28T21:33:40 IST" name="Petsuite" finished-at="2024-05-28T21:33:47 IST" duration-ms="7285">
    <groups>
    </groups>
    <test started-at="2024-05-28T21:33:40 IST" name="PetTests" finished-at="2024-05-28T21:33:47 IST" duration-ms="7285">
      <class name="api.test.UserTests2">
        <test-method is-config="true" signature="setup()[pri:0, instance:api.test.UserTests2@5b7a5baa]" started-at="2024-05-28T21:33:40 IST" name="setup" finished-at="2024-05-28T21:33:40 IST" duration-ms="411" status="PASS">
          <reporter-output>
          </reporter-output>
        </test-method> <!-- setup -->
        <test-method signature="testPostUser()[pri:1, instance:api.test.UserTests2@5b7a5baa]" started-at="2024-05-28T21:33:40 IST" name="testPostUser" finished-at="2024-05-28T21:33:42 IST" duration-ms="2137" status="PASS">
          <reporter-output>
          </reporter-output>
        </test-method> <!-- testPostUser -->
        <test-method signature="testGetUserByName()[pri:2, instance:api.test.UserTests2@5b7a5baa]" started-at="2024-05-28T21:33:42 IST" name="testGetUserByName" finished-at="2024-05-28T21:33:43 IST" duration-ms="1148" status="PASS">
          <reporter-output>
          </reporter-output>
        </test-method> <!-- testGetUserByName -->
        <test-method signature="testUpdateUserByName()[pri:3, instance:api.test.UserTests2@5b7a5baa]" started-at="2024-05-28T21:33:43 IST" name="testUpdateUserByName" finished-at="2024-05-28T21:33:46 IST" duration-ms="2278" status="PASS">
          <reporter-output>
          </reporter-output>
        </test-method> <!-- testUpdateUserByName -->
        <test-method signature="testDeleteUserByName()[pri:4, instance:api.test.UserTests2@5b7a5baa]" started-at="2024-05-28T21:33:46 IST" name="testDeleteUserByName" finished-at="2024-05-28T21:33:47 IST" duration-ms="1171" status="PASS">
          <reporter-output>
          </reporter-output>
        </test-method> <!-- testDeleteUserByName -->
      </class> <!-- api.test.UserTests2 -->
    </test> <!-- PetTests -->
  </suite> <!-- Petsuite -->
</testng-results>
