<?xml version="1.0" encoding="UTF-8"?>
<!-- Generated by org.testng.reporters.JUnitXMLReporter -->
<testsuite ignored="0" hostname="Ram" failures="0" tests="4" name="PetTests" time="7.438" errors="0" timestamp="2024-05-30T20:04:46 IST">
  <testcase classname="api.test.UserTests2" name="testPostUser" time="2.123"/>
  <testcase classname="api.test.UserTests2" name="testGetUserByName" time="1.187"/>
  <testcase classname="api.test.UserTests2" name="testUpdateUserByName" time="2.359"/>
  <testcase classname="api.test.UserTests2" name="testDeleteUserByName" time="1.24"/>
</testsuite> <!-- PetTests -->
