<?xml version="1.0" encoding="UTF-8"?>
<!-- Generated by org.testng.reporters.JUnitXMLReporter -->
<testsuite ignored="0" hostname="Ram" failures="0" tests="4" name="PetTests" time="7.553" errors="0" timestamp="2024-05-30T19:58:56 IST">
  <testcase classname="api.test.UserTests2" name="testPostUser" time="2.117"/>
  <testcase classname="api.test.UserTests2" name="testGetUserByName" time="1.269"/>
  <testcase classname="api.test.UserTests2" name="testUpdateUserByName" time="2.421"/>
  <testcase classname="api.test.UserTests2" name="testDeleteUserByName" time="1.228"/>
</testsuite> <!-- PetTests -->
