<?xml version="1.0" encoding="UTF-8"?>
<!-- Generated by org.testng.reporters.JUnitXMLReporter -->
<testsuite ignored="0" hostname="Ram" failures="0" tests="4" name="PetTests" time="7.285" errors="0" timestamp="2024-05-28T21:33:47 IST">
  <testcase classname="api.test.UserTests2" name="testPostUser" time="2.137"/>
  <testcase classname="api.test.UserTests2" name="testGetUserByName" time="1.148"/>
  <testcase classname="api.test.UserTests2" name="testUpdateUserByName" time="2.278"/>
  <testcase classname="api.test.UserTests2" name="testDeleteUserByName" time="1.171"/>
</testsuite> <!-- PetTests -->
